- Pascal-FC for IBM PC compatibles - 
- GNU Compiler Version P5.2

G L Davies  &  A Burns, University of York

Compiler listing

    1     0 program Caso4;
    2     0 var 
    3     0  num: integer;
    4     0 begin
    5     0  writeln('Ingrese un numero:');
    6     3  readln(num);
    7     6  if num > 100 then
    8    10   writeln('El numero es mayor que 100.')
    9    12  else if num < 100 then
   10    18   writeln('El numero es menor que 100.')
   11    20  else
   12    21   writeln('El numero es igual a 100.');
   13    25 end.



Symbol table

    name       link      objekt       type         ref      nrm  lev  adr  aux

 45 _main        44     procedure   notyp           2      True    0    0    0
 46 any           0     variable    synch           0      True    1    5    0
 47 num          46     variable    integer         0      True    1    5    0

Generated P-code

    0     ldcon.i      0        18          ;5
    1     wrstr        0         0          ;5
    2     wrlin        0         0          ;5
    3     ldadr        1         5          ;6
    4     rdinp.i      0         0          ;6
    5     rdlin        0         0          ;6
    6     ldval.i      1         5          ;7
    7     ldcon.i      0       100          ;7
    8     relgt.i      0         0          ;7
    9     jmpiz        0        14          ;7
   10     ldcon.i      0        27          ;8
   11     wrstr        0        18          ;8
   12     wrlin        0         0          ;8
   13     jmpuc        0        25          ;8
   14     ldval.i      1         5          ;9
   15     ldcon.i      0       100          ;9
   16     rellt.i      0         0          ;9
   17     jmpiz        0        22          ;9
   18     ldcon.i      0        27          ;10
   19     wrstr        0        45          ;10
   20     wrlin        0         0          ;10
   21     jmpuc        0        25          ;10
   22     ldcon.i      0        25          ;12
   23     wrstr        0        72          ;12
   24     wrlin        0         0          ;12
   25     stopx        0         0          ;12
