- Pascal-FC for IBM PC compatibles - 
- GNU Compiler Version P5.2

G L Davies  &  A Burns, University of York

Compiler listing

    1     0 program caso2;
    2     0  var
    3     0  num: integer;
    4     0 begin
    5     0  writeln('Ingrese un numero');
    6     3  readln(num);
    7     6  if (num mod 5 = 0)then
    8    12  writeln('El número ', num, ' es múltiplo de 5.')
    9    18   else
   10    19     WriteLn('El número ', num, ' no es múltiplo de 5.');
   11    27 end.



Symbol table

    name       link      objekt       type         ref      nrm  lev  adr  aux

 45 _main        44     procedure   notyp           2      True    0    0    0
 46 any           0     variable    synch           0      True    1    5    0
 47 num          46     variable    integer         0      True    1    5    0

Generated P-code

    0     ldcon.i      0        17          ;5
    1     wrstr        0         0          ;5
    2     wrlin        0         0          ;5
    3     ldadr        1         5          ;6
    4     rdinp.i      0         0          ;6
    5     rdlin        0         0          ;6
    6     ldval.i      1         5          ;7
    7     ldcon.i      0         5          ;7
    8     modop.i      0         0          ;7
    9     ldcon.i      0         0          ;7
   10     releq.i      0         0          ;7
   11     jmpiz        0        20          ;7
   12     ldcon.i      0        10          ;8
   13     wrstr        0        17          ;8
   14     ldval.i      1         5          ;8
   15     wrval.i      0         0          ;8
   16     ldcon.i      0        18          ;8
   17     wrstr        0        27          ;8
   18     wrlin        0         0          ;8
   19     jmpuc        0        27          ;8
   20     ldcon.i      0        10          ;10
   21     wrstr        0        45          ;10
   22     ldval.i      1         5          ;10
   23     wrval.i      0         0          ;10
   24     ldcon.i      0        21          ;10
   25     wrstr        0        55          ;10
   26     wrlin        0         0          ;10
   27     stopx        0         0          ;10
