- Pascal-FC for IBM PC compatibles - 
- GNU Compiler Version P5.2

G L Davies  &  A Burns, University of York

Compiler listing

    1     0 program caso7;
    2     0 var 
    3     0  horas, minutos, segundos, total: integer;
    4     0 begin
    5     0  writeln('Ingrese la hora en formato (horas, minutos, segundos):');
    6     3  write('Horas: ');
    7     5  readln(horas);
    8     8  write('Minutos: ');
    9    10  readln(minutos);
   10    13  write('Segundos: ');
   11    15  readln(segundos);
   12    18  
   13    18  total := (horas * 3600) + (minutos * 60) + segundos;
   14    29 
   15    29  writeln('El tiempo total en segundos es: ', total);
   16    34 end.



Symbol table

    name       link      objekt       type         ref      nrm  lev  adr  aux

 45 _main        44     procedure   notyp           2      True    0    0    0
 46 any           0     variable    synch           0      True    1    5    0
 47 horas        46     variable    integer         0      True    1    5    0
 48 minutos      47     variable    integer         0      True    1    6    0
 49 segundos     48     variable    integer         0      True    1    7    0
 50 total        49     variable    integer         0      True    1    8    0

Generated P-code

    0     ldcon.i      0        54          ;5
    1     wrstr        0         0          ;5
    2     wrlin        0         0          ;5
    3     ldcon.i      0         7          ;6
    4     wrstr        0        54          ;6
    5     ldadr        1         5          ;7
    6     rdinp.i      0         0          ;7
    7     rdlin        0         0          ;7
    8     ldcon.i      0         9          ;8
    9     wrstr        0        61          ;8
   10     ldadr        1         6          ;9
   11     rdinp.i      0         0          ;9
   12     rdlin        0         0          ;9
   13     ldcon.i      0        10          ;10
   14     wrstr        0        70          ;10
   15     ldadr        1         7          ;11
   16     rdinp.i      0         0          ;11
   17     rdlin        0         0          ;11
   18     ldadr        1         8          ;11
   19     ldval.i      1         5          ;13
   20     ldcon.i      0      3600          ;13
   21     mulop.i      0         0          ;13
   22     ldval.i      1         6          ;13
   23     ldcon.i      0        60          ;13
   24     mulop.i      0         0          ;13
   25     addop.i      0         0          ;13
   26     ldval.i      1         7          ;13
   27     addop.i      0         0          ;13
   28     store.i      0         0          ;13
   29     ldcon.i      0        32          ;15
   30     wrstr        0        80          ;15
   31     ldval.i      1         8          ;15
   32     wrval.i      0         0          ;15
   33     wrlin        0         0          ;15
   34     stopx        0         0          ;15
