- Pascal-FC for IBM PC compatibles - 
- GNU Compiler Version P5.2

G L Davies  &  A Burns, University of York

Compiler listing

    1     0 program caso3;
    2     0 var 
    3     0  num: integer;
    4     0 begin
    5     0  writeln('Ingrese un numero del 1 al 12 :');
    6     3  readln(num);
    7     6  if (num<=0) or (num>12) then
    8    14   writeln('Numero incorrecto')
    9    16  else
   10    17   case (num) of
   11    20   1: writeln('Enero');
   12    24   2: writeln('Febrero');
   13    28   3: writeln('Marzo');
   14    32   4: writeln('Abril');
   15    36   5: writeln('Mayo');
   16    40   6: writeln('Junio');
   17    44   7: writeln('Julio');
   18    48   8: writeln('Agosto');
   19    52   9: writeln('Septiembre');
   20    56   10: writeln('Octubre');
   21    60   11: writeln('Noviembre');
   22    64   12: writeln('Diciembre');
   23    68  end;
   24    93 end.



Symbol table

    name       link      objekt       type         ref      nrm  lev  adr  aux

 45 _main        44     procedure   notyp           2      True    0    0    0
 46 any           0     variable    synch           0      True    1    5    0
 47 num          46     variable    integer         0      True    1    5    0

Generated P-code

    0     ldcon.i      0        31          ;5
    1     wrstr        0         0          ;5
    2     wrlin        0         0          ;5
    3     ldadr        1         5          ;6
    4     rdinp.i      0         0          ;6
    5     rdlin        0         0          ;6
    6     ldval.i      1         5          ;7
    7     ldcon.i      0         0          ;7
    8     relle.i      0         0          ;7
    9     ldval.i      1         5          ;7
   10     ldcon.i      0        12          ;7
   11     relgt.i      0         0          ;7
   12     iorop.b      0         0          ;7
   13     jmpiz        0        18          ;7
   14     ldcon.i      0        17          ;8
   15     wrstr        0        31          ;8
   16     wrlin        0         0          ;8
   17     jmpuc        0        93          ;8
   18     ldval.i      1         5          ;10
   19     jmpuc        0        68          ;10
   20     ldcon.i      0         5          ;11
   21     wrstr        0        48          ;11
   22     wrlin        0         0          ;11
   23     jmpuc        0        93          ;11
   24     ldcon.i      0         7          ;12
   25     wrstr        0        53          ;12
   26     wrlin        0         0          ;12
   27     jmpuc        0        93          ;12
   28     ldcon.i      0         5          ;13
   29     wrstr        0        60          ;13
   30     wrlin        0         0          ;13
   31     jmpuc        0        93          ;13
   32     ldcon.i      0         5          ;14
   33     wrstr        0        65          ;14
   34     wrlin        0         0          ;14
   35     jmpuc        0        93          ;14
   36     ldcon.i      0         4          ;15
   37     wrstr        0        70          ;15
   38     wrlin        0         0          ;15
   39     jmpuc        0        93          ;15
   40     ldcon.i      0         5          ;16
   41     wrstr        0        74          ;16
   42     wrlin        0         0          ;16
   43     jmpuc        0        93          ;16
   44     ldcon.i      0         5          ;17
   45     wrstr        0        79          ;17
   46     wrlin        0         0          ;17
   47     jmpuc        0        93          ;17
   48     ldcon.i      0         6          ;18
   49     wrstr        0        84          ;18
   50     wrlin        0         0          ;18
   51     jmpuc        0        93          ;18
   52     ldcon.i      0        10          ;19
   53     wrstr        0        90          ;19
   54     wrlin        0         0          ;19
   55     jmpuc        0        93          ;19
   56     ldcon.i      0         7          ;20
   57     wrstr        0       100          ;20
   58     wrlin        0         0          ;20
   59     jmpuc        0        93          ;20
   60     ldcon.i      0         9          ;21
   61     wrstr        0       107          ;21
   62     wrlin        0         0          ;21
   63     jmpuc        0        93          ;21
   64     ldcon.i      0         9          ;22
   65     wrstr        0       116          ;22
   66     wrlin        0         0          ;22
   67     jmpuc        0        93          ;22
   68     ldcon.i      0         1          ;22
   69     case1.i      0        20          ;22
   70     ldcon.i      0         2          ;22
   71     case1.i      0        24          ;22
   72     ldcon.i      0         3          ;22
   73     case1.i      0        28          ;22
   74     ldcon.i      0         4          ;22
   75     case1.i      0        32          ;22
   76     ldcon.i      0         5          ;22
   77     case1.i      0        36          ;22
   78     ldcon.i      0         6          ;22
   79     case1.i      0        40          ;22
   80     ldcon.i      0         7          ;22
   81     case1.i      0        44          ;22
   82     ldcon.i      0         8          ;22
   83     case1.i      0        48          ;22
   84     ldcon.i      0         9          ;22
   85     case1.i      0        52          ;22
   86     ldcon.i      0        10          ;22
   87     case1.i      0        56          ;22
   88     ldcon.i      0        11          ;22
   89     case1.i      0        60          ;22
   90     ldcon.i      0        12          ;22
   91     case1.i      0        64          ;22
   92     case2        0         0          ;22
   93     stopx        0         0          ;23
